<?xml version="1.0" encoding="UTF-8"?>
<!-- Generated by org.testng.reporters.JUnitReportReporter -->
<testsuite hostname="KomputerekDamian" failures="0" tests="1" name="com.engineering_work.example.TestControl" time="1.930" errors="0" timestamp="18 sie 2018 20:21:10 GMT" skipped="0">
  <testcase classname="com.engineering_work.example.TestControl" name="f" time="1.930"/>
</testsuite> <!-- com.engineering_work.example.TestControl -->
