<?xml version="1.0" encoding="UTF-8"?>
<!-- Generated by org.testng.reporters.JUnitReportReporter -->
<testsuite hostname="KomputerekDamian" failures="0" tests="1" name="com.engineering_work.example.TestControl" time="17.924" errors="0" timestamp="28 sie 2018 12:43:03 GMT" skipped="0">
  <testcase classname="com.engineering_work.example.TestControl" name="Test1" time="17.924"/>
</testsuite> <!-- com.engineering_work.example.TestControl -->
