<?xml version="1.0" encoding="UTF-8"?>
<!-- Generated by org.testng.reporters.JUnitReportReporter -->
<testsuite hostname="KomputerekDamian" failures="0" tests="1" name="com.engineering_work.example.TestControl" time="1.282" errors="0" timestamp="23 sie 2018 20:28:35 GMT" skipped="0">
  <testcase classname="com.engineering_work.example.TestControl" name="Test1" time="1.282"/>
</testsuite> <!-- com.engineering_work.example.TestControl -->
