<?xml version="1.0" encoding="UTF-8"?>
<!-- Generated by org.testng.reporters.JUnitReportReporter -->
<testsuite hostname="KomputerekDamian" failures="0" tests="1" name="com.engineering_work.example.TestControl" time="20.190" errors="0" timestamp="03 wrz 2018 19:46:47 GMT" skipped="0">
  <testcase classname="com.engineering_work.example.TestControl" name="Test1" time="20.190"/>
</testsuite> <!-- com.engineering_work.example.TestControl -->
