<?xml version="1.0" encoding="UTF-8"?>
<!-- Generated by org.testng.reporters.JUnitReportReporter -->
<testsuite hostname="KomputerekDamian" failures="0" tests="1" name="com.engineering_work.example.TestControl" time="32.297" errors="0" timestamp="04 wrz 2018 17:16:30 GMT" skipped="0">
  <testcase classname="com.engineering_work.example.TestControl" name="Test1" time="32.297"/>
</testsuite> <!-- com.engineering_work.example.TestControl -->
