<?xml version="1.0" encoding="UTF-8"?>
<!-- Generated by org.testng.reporters.JUnitReportReporter -->
<testsuite hostname="KomputerekDamian" failures="0" tests="1" name="com.engineering_work.example.TestControl" time="1.792" errors="0" timestamp="27 sie 2018 09:02:42 GMT" skipped="0">
  <testcase classname="com.engineering_work.example.TestControl" name="Test1" time="1.792"/>
</testsuite> <!-- com.engineering_work.example.TestControl -->
