<?xml version="1.0" encoding="UTF-8"?>
<!-- Generated by org.testng.reporters.JUnitReportReporter -->
<testsuite hostname="KomputerekDamian" failures="0" tests="1" name="com.engineering_work.example.TestControl" time="1.249" errors="0" timestamp="21 sie 2018 20:52:07 GMT" skipped="0">
  <testcase classname="com.engineering_work.example.TestControl" name="f" time="1.249"/>
</testsuite> <!-- com.engineering_work.example.TestControl -->
